app/build/outputs/logs/manifest-merger-debug-report.txt
-- Merging decision tree log ---
manifest
ADDED from src/main/AndroidManifest.xml:2:1-146:12
	xmlns:tools
		ADDED from src/main/AndroidManifest.xml:3:2-48
	xmlns:android
		ADDED from src/main/AndroidManifest.xml:2:11-69
	package
		ADDED from src/main/AndroidManifest.xml:4:2-33
		INJECTED from src/main/AndroidManifest.xml
		INJECTED from src/main/AndroidManifest.xml
	android:versionName
		ADDED from src/main/AndroidManifest.xml:6:7-34
		INJECTED from src/main/AndroidManifest.xml
		INJECTED from src/main/AndroidManifest.xml
	android:versionCode
		ADDED from src/main/AndroidManifest.xml:5:7-31
		INJECTED from src/main/AndroidManifest.xml
		INJECTED from src/main/AndroidManifest.xml
	android:installLocation
		ADDED from src/main/AndroidManifest.xml:7:7-37
supports-screens
ADDED from src/main/AndroidManifest.xml:8:5-12:33
	android:largeScreens
		ADDED from src/main/AndroidManifest.xml:9:6-33
	android:anyDensity
		ADDED from src/main/AndroidManifest.xml:12:6-31
	android:normalScreens
		ADDED from src/main/AndroidManifest.xml:10:6-34
	android:smallScreens
		ADDED from src/main/AndroidManifest.xml:11:6-33
uses-sdk
ADDED from src/main/AndroidManifest.xml:13:5-43
	android:targetSdkVersion
		INJECTED from src/main/AndroidManifest.xml
		INJECTED from src/main/AndroidManifest.xml
	android:minSdkVersion
		ADDED from src/main/AndroidManifest.xml:13:15-40
		INJECTED from src/main/AndroidManifest.xml
		INJECTED from src/main/AndroidManifest.xml
uses-permission#android.permission.RESTART_PACKAGES
ADDED from src/main/AndroidManifest.xml:16:2-72
	android:name
		ADDED from src/main/AndroidManifest.xml:16:19-69
uses-permission#android.permission.KILL_BACKGROUND_PROCESSES
ADDED from src/main/AndroidManifest.xml:17:2-80
	android:name
		ADDED from src/main/AndroidManifest.xml:17:19-78
uses-permission#android.permission.GET_PACKAGE_SIZE
ADDED from src/main/AndroidManifest.xml:18:2-71
	android:name
		ADDED from src/main/AndroidManifest.xml:18:19-69
uses-permission#android.permission.ACCESS_WIFI_STATE
ADDED from src/main/AndroidManifest.xml:19:2-73
	android:name
		ADDED from src/main/AndroidManifest.xml:19:19-70
uses-permission#android.permission.CHANGE_WIFI_STATE
ADDED from src/main/AndroidManifest.xml:20:2-72
	android:name
		ADDED from src/main/AndroidManifest.xml:20:19-70
uses-permission#android.permission.WAKE_LOCK
ADDED from src/main/AndroidManifest.xml:21:2-64
	android:name
		ADDED from src/main/AndroidManifest.xml:21:19-62
uses-permission#android.permission.INTERNET
ADDED from src/main/AndroidManifest.xml:22:5-67
	android:name
		ADDED from src/main/AndroidManifest.xml:22:22-64
uses-permission#android.permission.ACCESS_NETWORK_STATE
ADDED from src/main/AndroidManifest.xml:23:5-78
	android:name
		ADDED from src/main/AndroidManifest.xml:23:22-76
uses-permission#android.permission.WRITE_EXTERNAL_STORAGE
ADDED from src/main/AndroidManifest.xml:24:5-81
	android:name
		ADDED from src/main/AndroidManifest.xml:24:22-78
uses-permission#android.permission.WRITE_SETTINGS
ADDED from src/main/AndroidManifest.xml:25:5-73
	android:name
		ADDED from src/main/AndroidManifest.xml:25:22-70
uses-permission#android.permission.WRITE_APN_SETTINGS
ADDED from src/main/AndroidManifest.xml:26:5-27:41
	android:name
		ADDED from src/main/AndroidManifest.xml:26:22-74
	tools:ignore
		ADDED from src/main/AndroidManifest.xml:27:3-38
uses-permission#android.permission.BLUETOOTH
ADDED from src/main/AndroidManifest.xml:28:5-68
	android:name
		ADDED from src/main/AndroidManifest.xml:28:22-65
uses-permission#android.permission.BLUETOOTH_ADMIN
ADDED from src/main/AndroidManifest.xml:29:5-73
	android:name
		ADDED from src/main/AndroidManifest.xml:29:22-71
uses-permission#android.permission.CLEAR_APP_CACHE
ADDED from src/main/AndroidManifest.xml:30:5-73
	android:name
		ADDED from src/main/AndroidManifest.xml:30:22-71
application
ADDED from src/main/AndroidManifest.xml:32:5-145:19
	android:label
		ADDED from src/main/AndroidManifest.xml:32:51-83
	android:icon
		ADDED from src/main/AndroidManifest.xml:32:18-50
	android:theme
		ADDED from src/main/AndroidManifest.xml:34:6-48
	android:name
		ADDED from src/main/AndroidManifest.xml:33:6-45
activity#com.tresksoft.toolbox.ProccessManager.ActivityProcessManager
ADDED from src/main/AndroidManifest.xml:35:9-42:20
	android:screenOrientation
		ADDED from src/main/AndroidManifest.xml:37:19-55
	android:label
		ADDED from src/main/AndroidManifest.xml:36:19-51
	android:name
		ADDED from src/main/AndroidManifest.xml:35:19-73
intent-filter#android.intent.category.DEFAULT+com.tresksoft.toolbox.VIEW_LIST_PROCESS
ADDED from src/main/AndroidManifest.xml:38:13-41:29
action#com.tresksoft.toolbox.VIEW_LIST_PROCESS
ADDED from src/main/AndroidManifest.xml:39:17-82
	android:name
		ADDED from src/main/AndroidManifest.xml:39:25-79
category#android.intent.category.DEFAULT
ADDED from src/main/AndroidManifest.xml:40:17-76
	android:name
		ADDED from src/main/AndroidManifest.xml:40:27-73
activity#com.tresksoft.toolbox.ProccessManager.ActivityProcessManagerIgnore
ADDED from src/main/AndroidManifest.xml:43:9-50:20
	android:screenOrientation
		ADDED from src/main/AndroidManifest.xml:45:19-55
	android:label
		ADDED from src/main/AndroidManifest.xml:44:19-51
	android:name
		ADDED from src/main/AndroidManifest.xml:43:19-79
intent-filter#android.intent.category.DEFAULT+com.tresksoft.toolbox.VIEW_LIST_IGNORE
ADDED from src/main/AndroidManifest.xml:46:13-49:29
action#com.tresksoft.toolbox.VIEW_LIST_IGNORE
ADDED from src/main/AndroidManifest.xml:47:17-81
	android:name
		ADDED from src/main/AndroidManifest.xml:47:25-78
activity#com.tresksoft.toolbox.ApplicationManager.ActivityApplicationManager
ADDED from src/main/AndroidManifest.xml:51:9-58:20
	android:screenOrientation
		ADDED from src/main/AndroidManifest.xml:53:19-55
	android:label
		ADDED from src/main/AndroidManifest.xml:52:19-51
	android:name
		ADDED from src/main/AndroidManifest.xml:51:19-80
intent-filter#android.intent.category.DEFAULT+com.tresksoft.toolbox.VIEW_LIST_APLICACIONES
ADDED from src/main/AndroidManifest.xml:54:13-57:29
action#com.tresksoft.toolbox.VIEW_LIST_APLICACIONES
ADDED from src/main/AndroidManifest.xml:55:17-87
	android:name
		ADDED from src/main/AndroidManifest.xml:55:25-84
activity#com.tresksoft.toolbox.ActivityPreferences
ADDED from src/main/AndroidManifest.xml:59:3-61:14
	android:screenOrientation
		ADDED from src/main/AndroidManifest.xml:60:7-43
	android:name
		ADDED from src/main/AndroidManifest.xml:59:13-48
activity#com.tresksoft.toolbox.Home.ActivityMain
ADDED from src/main/AndroidManifest.xml:62:3-69:14
	android:screenOrientation
		ADDED from src/main/AndroidManifest.xml:64:7-43
	android:label
		ADDED from src/main/AndroidManifest.xml:63:7-39
	android:name
		ADDED from src/main/AndroidManifest.xml:62:13-46
intent-filter#android.intent.action.MAIN+android.intent.category.LAUNCHER
ADDED from src/main/AndroidManifest.xml:65:7-68:23
action#android.intent.action.MAIN
ADDED from src/main/AndroidManifest.xml:66:19-71
	android:name
		ADDED from src/main/AndroidManifest.xml:66:27-68
category#android.intent.category.LAUNCHER
ADDED from src/main/AndroidManifest.xml:67:19-79
	android:name
		ADDED from src/main/AndroidManifest.xml:67:29-76
activity#com.tresksoft.toolbox.WifiManager.ActivityWifiManager
ADDED from src/main/AndroidManifest.xml:70:3-77:14
	android:screenOrientation
		ADDED from src/main/AndroidManifest.xml:72:7-43
	android:label
		ADDED from src/main/AndroidManifest.xml:71:7-48
	android:name
		ADDED from src/main/AndroidManifest.xml:70:13-60
intent-filter#android.intent.category.DEFAULT+com.tresksoft.toolbox.VIEW_LIST_WIFI
ADDED from src/main/AndroidManifest.xml:73:7-76:23
action#com.tresksoft.toolbox.VIEW_LIST_WIFI
ADDED from src/main/AndroidManifest.xml:74:8-69
	android:name
		ADDED from src/main/AndroidManifest.xml:74:16-67
activity#com.tresksoft.toolbox.WifiManager.ActivityWifiProfile
ADDED from src/main/AndroidManifest.xml:78:3-85:14
	android:screenOrientation
		ADDED from src/main/AndroidManifest.xml:80:7-43
	android:label
		ADDED from src/main/AndroidManifest.xml:79:7-48
	android:name
		ADDED from src/main/AndroidManifest.xml:78:13-60
intent-filter#android.intent.category.DEFAULT+com.tresksoft.toolbox.VIEW_LIST_WIFI_PROFILE
ADDED from src/main/AndroidManifest.xml:81:7-84:23
action#com.tresksoft.toolbox.VIEW_LIST_WIFI_PROFILE
ADDED from src/main/AndroidManifest.xml:82:8-77
	android:name
		ADDED from src/main/AndroidManifest.xml:82:16-75
activity#com.tresksoft.toolbox.BatteryManager.ActivityBatteryManager
ADDED from src/main/AndroidManifest.xml:86:3-93:14
	android:screenOrientation
		ADDED from src/main/AndroidManifest.xml:88:7-43
	android:label
		ADDED from src/main/AndroidManifest.xml:87:7-51
	android:name
		ADDED from src/main/AndroidManifest.xml:86:13-66
intent-filter#android.intent.category.DEFAULT+com.tresksoft.toolbox.ACTIVITY_BATTERY
ADDED from src/main/AndroidManifest.xml:89:7-92:23
action#com.tresksoft.toolbox.ACTIVITY_BATTERY
ADDED from src/main/AndroidManifest.xml:90:8-71
	android:name
		ADDED from src/main/AndroidManifest.xml:90:16-69
activity#com.tresksoft.toolbox.NetworkManager.ActivityNetworkProfiles
ADDED from src/main/AndroidManifest.xml:94:3-101:14
	android:screenOrientation
		ADDED from src/main/AndroidManifest.xml:96:10-46
	android:label
		ADDED from src/main/AndroidManifest.xml:95:10-62
	android:name
		ADDED from src/main/AndroidManifest.xml:94:13-67
intent-filter#android.intent.category.DEFAULT+com.tresksoft.toolbox.ACTIVITY_NETWORK_PROFILE
ADDED from src/main/AndroidManifest.xml:97:10-100:26
action#com.tresksoft.toolbox.ACTIVITY_NETWORK_PROFILE
ADDED from src/main/AndroidManifest.xml:98:14-85
	android:name
		ADDED from src/main/AndroidManifest.xml:98:22-83
activity#com.tresksoft.toolbox.NetworkManager.ActivityNetworkProfilesAdd
ADDED from src/main/AndroidManifest.xml:102:3-109:14
	android:screenOrientation
		ADDED from src/main/AndroidManifest.xml:104:10-46
	android:label
		ADDED from src/main/AndroidManifest.xml:103:10-62
	android:name
		ADDED from src/main/AndroidManifest.xml:102:13-70
intent-filter#android.intent.category.DEFAULT+com.tresksoft.toolbox.ACTIVITY_NETWORK_PROFILE_ADD
ADDED from src/main/AndroidManifest.xml:105:10-108:26
action#com.tresksoft.toolbox.ACTIVITY_NETWORK_PROFILE_ADD
ADDED from src/main/AndroidManifest.xml:106:14-89
	android:name
		ADDED from src/main/AndroidManifest.xml:106:22-87
activity#com.tresksoft.toolbox.WifiManager.ActivityWifiSignalSurvey
ADDED from src/main/AndroidManifest.xml:110:3-117:14
	android:screenOrientation
		ADDED from src/main/AndroidManifest.xml:112:10-46
	android:label
		ADDED from src/main/AndroidManifest.xml:111:10-62
	android:name
		ADDED from src/main/AndroidManifest.xml:110:13-65
intent-filter#android.intent.category.DEFAULT+com.tresksoft.toolbox.ACTIVITY_WIFI_SIGNAL_SURVEY
ADDED from src/main/AndroidManifest.xml:113:10-116:26
action#com.tresksoft.toolbox.ACTIVITY_WIFI_SIGNAL_SURVEY
ADDED from src/main/AndroidManifest.xml:114:14-88
	android:name
		ADDED from src/main/AndroidManifest.xml:114:22-86
activity#com.tresksoft.toolbox.SpeedSettingsManager.ActivitySpeedSettings
ADDED from src/main/AndroidManifest.xml:118:3-125:14
	android:screenOrientation
		ADDED from src/main/AndroidManifest.xml:120:10-46
	android:label
		ADDED from src/main/AndroidManifest.xml:119:10-61
	android:name
		ADDED from src/main/AndroidManifest.xml:118:13-71
intent-filter#android.intent.category.DEFAULT+com.tresksoft.toolbox.ACTIVITY_SPEED_SETTINGS
ADDED from src/main/AndroidManifest.xml:121:10-124:26
action#com.tresksoft.toolbox.ACTIVITY_SPEED_SETTINGS
ADDED from src/main/AndroidManifest.xml:122:14-84
	android:name
		ADDED from src/main/AndroidManifest.xml:122:22-82
activity#com.tresksoft.toolbox.CacheManager.ActivityCacheClean
ADDED from src/main/AndroidManifest.xml:126:3-133:14
	android:screenOrientation
		ADDED from src/main/AndroidManifest.xml:128:10-46
	android:label
		ADDED from src/main/AndroidManifest.xml:127:10-58
	android:name
		ADDED from src/main/AndroidManifest.xml:126:13-60
intent-filter#android.intent.category.DEFAULT+com.tresksoft.toolbox.ACTIVITY_CACHE_CLEAN
ADDED from src/main/AndroidManifest.xml:129:10-132:26
action#com.tresksoft.toolbox.ACTIVITY_CACHE_CLEAN
ADDED from src/main/AndroidManifest.xml:130:14-81
	android:name
		ADDED from src/main/AndroidManifest.xml:130:22-79
activity#com.tresksoft.toolbox.Move2SDManager.ActivityMove2SD
ADDED from src/main/AndroidManifest.xml:134:3-141:14
	android:screenOrientation
		ADDED from src/main/AndroidManifest.xml:136:10-46
	android:label
		ADDED from src/main/AndroidManifest.xml:135:10-54
	android:name
		ADDED from src/main/AndroidManifest.xml:134:13-59
intent-filter#android.intent.category.DEFAULT+com.tresksoft.toolbox.ACTIVITY_MOVE_SD
ADDED from src/main/AndroidManifest.xml:137:10-140:26
action#com.tresksoft.toolbox.ACTIVITY_MOVE_SD
ADDED from src/main/AndroidManifest.xml:138:14-77
	android:name
		ADDED from src/main/AndroidManifest.xml:138:22-75
activity#com.google.ads.AdActivity
ADDED from src/main/AndroidManifest.xml:142:3-143:121
	android:configChanges
		ADDED from src/main/AndroidManifest.xml:143:10-119
	android:name
		ADDED from src/main/AndroidManifest.xml:142:13-53